This file contains any messages produced by compilers while
running configure, to aid debugging if configure makes a mistake.

It was created by libsmpp34 configure 1.10, which was
generated by GNU Autoconf 2.65.  Invocation command line was

  $ ./configure 

## --------- ##
## Platform. ##
## --------- ##

hostname = BTS
uname -m = x86_64
uname -r = 2.6.32-5-amd64
uname -s = Linux
uname -v = #1 SMP Fri May 10 08:43:19 UTC 2013

/usr/bin/uname -p = unknown
/bin/uname -X     = unknown

/bin/arch              = unknown
/usr/bin/arch -k       = unknown
/usr/convex/getsysinfo = unknown
/usr/bin/hostinfo      = unknown
/bin/machine           = unknown
/usr/bin/oslevel       = unknown
/bin/universe          = unknown

PATH: /usr/local/sbin
PATH: /usr/local/bin
PATH: /usr/sbin
PATH: /usr/bin
PATH: /sbin
PATH: /bin


## ----------- ##
## Core tests. ##
## ----------- ##

configure:2341: checking for a BSD-compatible install
configure:2409: result: /usr/bin/install -c
configure:2420: checking whether build environment is sane
configure:2470: result: yes
configure:2611: checking for a thread-safe mkdir -p
configure:2650: result: /bin/mkdir -p
configure:2663: checking for gawk
configure:2679: found /usr/bin/gawk
configure:2690: result: gawk
configure:2701: checking whether make sets $(MAKE)
configure:2723: result: yes
configure:2855: checking for gcc
configure:2871: found /usr/bin/gcc
configure:2882: result: gcc
configure:3111: checking for C compiler version
configure:3120: gcc --version >&5
gcc (Debian 4.4.5-8) 4.4.5
Copyright (C) 2010 Free Software Foundation, Inc.
This is free software; see the source for copying conditions.  There is NO
warranty; not even for MERCHANTABILITY or FITNESS FOR A PARTICULAR PURPOSE.

configure:3131: $? = 0
configure:3120: gcc -v >&5
Using built-in specs.
Target: x86_64-linux-gnu
Configured with: ../src/configure -v --with-pkgversion='Debian 4.4.5-8' --with-bugurl=file:///usr/share/doc/gcc-4.4/README.Bugs --enable-languages=c,c++,fortran,objc,obj-c++ --prefix=/usr --program-suffix=-4.4 --enable-shared --enable-multiarch --enable-linker-build-id --with-system-zlib --libexecdir=/usr/lib --without-included-gettext --enable-threads=posix --with-gxx-include-dir=/usr/include/c++/4.4 --libdir=/usr/lib --enable-nls --enable-clocale=gnu --enable-libstdcxx-debug --enable-objc-gc --with-arch-32=i586 --with-tune=generic --enable-checking=release --build=x86_64-linux-gnu --host=x86_64-linux-gnu --target=x86_64-linux-gnu
Thread model: posix
gcc version 4.4.5 (Debian 4.4.5-8) 
configure:3131: $? = 0
configure:3120: gcc -V >&5
gcc: '-V' option must have argument
configure:3131: $? = 1
configure:3120: gcc -qversion >&5
gcc: unrecognized option '-qversion'
gcc: no input files
configure:3131: $? = 1
configure:3151: checking whether the C compiler works
configure:3173: gcc    conftest.c  >&5
configure:3177: $? = 0
configure:3226: result: yes
configure:3229: checking for C compiler default output file name
configure:3231: result: a.out
configure:3237: checking for suffix of executables
configure:3244: gcc -o conftest    conftest.c  >&5
configure:3248: $? = 0
configure:3270: result: 
configure:3292: checking whether we are cross compiling
configure:3300: gcc -o conftest    conftest.c  >&5
configure:3304: $? = 0
configure:3311: ./conftest
configure:3315: $? = 0
configure:3330: result: no
configure:3335: checking for suffix of object files
configure:3357: gcc -c   conftest.c >&5
configure:3361: $? = 0
configure:3382: result: o
configure:3386: checking whether we are using the GNU C compiler
configure:3405: gcc -c   conftest.c >&5
configure:3405: $? = 0
configure:3414: result: yes
configure:3423: checking whether gcc accepts -g
configure:3443: gcc -c -g  conftest.c >&5
configure:3443: $? = 0
configure:3484: result: yes
configure:3501: checking for gcc option to accept ISO C89
configure:3565: gcc  -c -g -O2  conftest.c >&5
configure:3565: $? = 0
configure:3578: result: none needed
configure:3609: checking for style of include used by make
configure:3637: result: GNU
configure:3662: checking dependency style of gcc
configure:3772: result: gcc3
configure:3788: checking whether gcc and cc understand -c and -o together
configure:3819: gcc -c conftest.c -o conftest2.o >&5
configure:3823: $? = 0
configure:3829: gcc -c conftest.c -o conftest2.o >&5
configure:3833: $? = 0
configure:3844: cc -c conftest.c >&5
configure:3848: $? = 0
configure:3856: cc -c conftest.c -o conftest2.o >&5
configure:3860: $? = 0
configure:3866: cc -c conftest.c -o conftest2.o >&5
configure:3870: $? = 0
configure:3888: result: yes
configure:3942: checking build system type
configure:3956: result: x86_64-unknown-linux-gnu
configure:3976: checking host system type
configure:3989: result: x86_64-unknown-linux-gnu
configure:4009: checking for a sed that does not truncate output
configure:4073: result: /bin/sed
configure:4091: checking for grep that handles long lines and -e
configure:4149: result: /bin/grep
configure:4154: checking for egrep
configure:4216: result: /bin/grep -E
configure:4221: checking for fgrep
configure:4283: result: /bin/grep -F
configure:4318: checking for ld used by gcc
configure:4385: result: /usr/bin/ld
configure:4392: checking if the linker (/usr/bin/ld) is GNU ld
configure:4407: result: yes
configure:4419: checking for BSD- or MS-compatible name lister (nm)
configure:4468: result: /usr/bin/nm -B
configure:4586: checking the name lister (/usr/bin/nm -B) interface
configure:4593: gcc -c -g -O2  conftest.c >&5
configure:4596: /usr/bin/nm -B "conftest.o"
configure:4599: output
0000000000000000 B some_variable
configure:4606: result: BSD nm
configure:4609: checking whether ln -s works
configure:4613: result: yes
configure:4621: checking the maximum length of command line arguments
configure:4741: result: 1572864
configure:4758: checking whether the shell understands some XSI constructs
configure:4768: result: yes
configure:4772: checking whether the shell understands "+="
configure:4778: result: yes
configure:4813: checking for /usr/bin/ld option to reload object files
configure:4820: result: -r
configure:4889: checking for objdump
configure:4905: found /usr/bin/objdump
configure:4916: result: objdump
configure:4948: checking how to recognize dependent libraries
configure:5144: result: pass_all
configure:5204: checking for ar
configure:5220: found /usr/bin/ar
configure:5231: result: ar
configure:5309: checking for strip
configure:5325: found /usr/bin/strip
configure:5336: result: strip
configure:5408: checking for ranlib
configure:5424: found /usr/bin/ranlib
configure:5435: result: ranlib
configure:5525: checking command to parse /usr/bin/nm -B output from gcc object
configure:5643: gcc -c -g -O2  conftest.c >&5
configure:5646: $? = 0
configure:5650: /usr/bin/nm -B conftest.o \| sed -n -e 's/^.*[	 ]\([ABCDGIRSTW][ABCDGIRSTW]*\)[	 ][	 ]*\([_A-Za-z][_A-Za-z0-9]*\)$/\1 \2 \2/p' \> conftest.nm
configure:5653: $? = 0
configure:5707: gcc -o conftest -g -O2   conftest.c conftstm.o >&5
configure:5710: $? = 0
configure:5748: result: ok
configure:5844: gcc -c -g -O2  conftest.c >&5
configure:5847: $? = 0
configure:6557: checking how to run the C preprocessor
configure:6588: gcc -E  conftest.c
configure:6588: $? = 0
configure:6602: gcc -E  conftest.c
conftest.c:11:28: error: ac_nonexistent.h: No such file or directory
configure:6602: $? = 1
configure: failed program was:
| /* confdefs.h */
| #define PACKAGE_NAME "libsmpp34"
| #define PACKAGE_TARNAME "libsmpp34"
| #define PACKAGE_VERSION "1.10"
| #define PACKAGE_STRING "libsmpp34 1.10"
| #define PACKAGE_BUGREPORT "ultraismo@yahoo.com"
| #define PACKAGE_URL ""
| #define PACKAGE "libsmpp34"
| #define VERSION "1.10"
| /* end confdefs.h.  */
| #include <ac_nonexistent.h>
configure:6627: result: gcc -E
configure:6647: gcc -E  conftest.c
configure:6647: $? = 0
configure:6661: gcc -E  conftest.c
conftest.c:11:28: error: ac_nonexistent.h: No such file or directory
configure:6661: $? = 1
configure: failed program was:
| /* confdefs.h */
| #define PACKAGE_NAME "libsmpp34"
| #define PACKAGE_TARNAME "libsmpp34"
| #define PACKAGE_VERSION "1.10"
| #define PACKAGE_STRING "libsmpp34 1.10"
| #define PACKAGE_BUGREPORT "ultraismo@yahoo.com"
| #define PACKAGE_URL ""
| #define PACKAGE "libsmpp34"
| #define VERSION "1.10"
| /* end confdefs.h.  */
| #include <ac_nonexistent.h>
configure:6690: checking for ANSI C header files
configure:6710: gcc -c -g -O2  conftest.c >&5
configure:6710: $? = 0
configure:6783: gcc -o conftest -g -O2   conftest.c  >&5
configure:6783: $? = 0
configure:6783: ./conftest
configure:6783: $? = 0
configure:6794: result: yes
configure:6807: checking for sys/types.h
configure:6807: gcc -c -g -O2  conftest.c >&5
configure:6807: $? = 0
configure:6807: result: yes
configure:6807: checking for sys/stat.h
configure:6807: gcc -c -g -O2  conftest.c >&5
configure:6807: $? = 0
configure:6807: result: yes
configure:6807: checking for stdlib.h
configure:6807: gcc -c -g -O2  conftest.c >&5
configure:6807: $? = 0
configure:6807: result: yes
configure:6807: checking for string.h
configure:6807: gcc -c -g -O2  conftest.c >&5
configure:6807: $? = 0
configure:6807: result: yes
configure:6807: checking for memory.h
configure:6807: gcc -c -g -O2  conftest.c >&5
configure:6807: $? = 0
configure:6807: result: yes
configure:6807: checking for strings.h
configure:6807: gcc -c -g -O2  conftest.c >&5
configure:6807: $? = 0
configure:6807: result: yes
configure:6807: checking for inttypes.h
configure:6807: gcc -c -g -O2  conftest.c >&5
configure:6807: $? = 0
configure:6807: result: yes
configure:6807: checking for stdint.h
configure:6807: gcc -c -g -O2  conftest.c >&5
configure:6807: $? = 0
configure:6807: result: yes
configure:6807: checking for unistd.h
configure:6807: gcc -c -g -O2  conftest.c >&5
configure:6807: $? = 0
configure:6807: result: yes
configure:6822: checking for dlfcn.h
configure:6822: gcc -c -g -O2  conftest.c >&5
configure:6822: $? = 0
configure:6822: result: yes
configure:7006: checking for objdir
configure:7021: result: .libs
configure:7313: checking if gcc supports -fno-rtti -fno-exceptions
configure:7331: gcc -c -g -O2  -fno-rtti -fno-exceptions conftest.c >&5
cc1: warning: command line option "-fno-rtti" is valid for C++/ObjC++ but not for C
configure:7335: $? = 0
configure:7348: result: no
configure:7368: checking for gcc option to produce PIC
configure:7640: result: -fPIC -DPIC
configure:7652: checking if gcc PIC flag -fPIC -DPIC works
configure:7670: gcc -c -g -O2  -fPIC -DPIC -DPIC conftest.c >&5
configure:7674: $? = 0
configure:7687: result: yes
configure:7711: checking if gcc static flag -static works
configure:7739: result: yes
configure:7754: checking if gcc supports -c -o file.o
configure:7775: gcc -c -g -O2  -o out/conftest2.o conftest.c >&5
configure:7779: $? = 0
configure:7801: result: yes
configure:7809: checking if gcc supports -c -o file.o
configure:7856: result: yes
configure:7889: checking whether the gcc linker (/usr/bin/ld -m elf_x86_64) supports shared libraries
configure:8880: result: yes
configure:8917: checking whether -lc should be explicitly linked in
configure:8922: gcc -c -g -O2  conftest.c >&5
configure:8925: $? = 0
configure:8940: gcc -shared conftest.o  -v -Wl,-soname -Wl,conftest -o conftest 2\>\&1 \| /bin/grep  -lc  \>/dev/null 2\>\&1
configure:8943: $? = 0
configure:8955: result: no
configure:9119: checking dynamic linker characteristics
configure:9552: gcc -o conftest -g -O2   -Wl,-rpath -Wl,/foo conftest.c  >&5
configure:9552: $? = 0
configure:9782: result: GNU/Linux ld.so
configure:9884: checking how to hardcode library paths into programs
configure:9909: result: immediate
configure:10429: checking whether stripping libraries is possible
configure:10434: result: yes
configure:10469: checking if libtool supports shared libraries
configure:10471: result: yes
configure:10474: checking whether to build shared libraries
configure:10495: result: yes
configure:10498: checking whether to build static libraries
configure:10502: result: yes
configure:10542: checking for ANSI C header files
configure:10646: result: yes
configure:10657: checking malloc.h usability
configure:10657: gcc -c -g -O2  conftest.c >&5
configure:10657: $? = 0
configure:10657: result: yes
configure:10657: checking malloc.h presence
configure:10657: gcc -E  conftest.c
configure:10657: $? = 0
configure:10657: result: yes
configure:10657: checking for malloc.h
configure:10657: result: yes
configure:10657: checking netinet/in.h usability
configure:10657: gcc -c -g -O2  conftest.c >&5
configure:10657: $? = 0
configure:10657: result: yes
configure:10657: checking netinet/in.h presence
configure:10657: gcc -E  conftest.c
configure:10657: $? = 0
configure:10657: result: yes
configure:10657: checking for netinet/in.h
configure:10657: result: yes
configure:10657: checking for stdint.h
configure:10657: result: yes
configure:10657: checking for string.h
configure:10657: result: yes
configure:10674: checking for stdlib.h
configure:10674: result: yes
configure:10684: checking for GNU libc compatible malloc
configure:10708: gcc -o conftest -g -O2   conftest.c  >&5
configure:10708: $? = 0
configure:10708: ./conftest
configure:10708: $? = 0
configure:10718: result: yes
configure:10741: checking for memset
configure:10741: gcc -o conftest -g -O2   conftest.c  >&5
conftest.c:53: warning: conflicting types for built-in function 'memset'
configure:10741: $? = 0
configure:10741: result: yes
configure:10870: creating ./config.status

## ---------------------- ##
## Running config.status. ##
## ---------------------- ##

This file was extended by libsmpp34 config.status 1.10, which was
generated by GNU Autoconf 2.65.  Invocation command line was

  CONFIG_FILES    = 
  CONFIG_HEADERS  = 
  CONFIG_LINKS    = 
  CONFIG_COMMANDS = 
  $ ./config.status 

on BTS

config.status:1073: creating Makefile
config.status:1073: creating def_frame/Makefile
config.status:1073: creating def_list/Makefile
config.status:1073: creating binary/Makefile
config.status:1073: creating aux_config/config.h
config.status:1245: aux_config/config.h is unchanged
config.status:1293: executing depfiles commands
config.status:1293: executing libtool commands

## ---------------- ##
## Cache variables. ##
## ---------------- ##

ac_cv_build=x86_64-unknown-linux-gnu
ac_cv_c_compiler_gnu=yes
ac_cv_env_CC_set=
ac_cv_env_CC_value=
ac_cv_env_CFLAGS_set=
ac_cv_env_CFLAGS_value=
ac_cv_env_CPPFLAGS_set=
ac_cv_env_CPPFLAGS_value=
ac_cv_env_CPP_set=
ac_cv_env_CPP_value=
ac_cv_env_LDFLAGS_set=
ac_cv_env_LDFLAGS_value=
ac_cv_env_LIBS_set=
ac_cv_env_LIBS_value=
ac_cv_env_build_alias_set=
ac_cv_env_build_alias_value=
ac_cv_env_host_alias_set=
ac_cv_env_host_alias_value=
ac_cv_env_target_alias_set=
ac_cv_env_target_alias_value=
ac_cv_func_malloc_0_nonnull=yes
ac_cv_func_memset=yes
ac_cv_header_dlfcn_h=yes
ac_cv_header_inttypes_h=yes
ac_cv_header_malloc_h=yes
ac_cv_header_memory_h=yes
ac_cv_header_netinet_in_h=yes
ac_cv_header_stdc=yes
ac_cv_header_stdint_h=yes
ac_cv_header_stdlib_h=yes
ac_cv_header_string_h=yes
ac_cv_header_strings_h=yes
ac_cv_header_sys_stat_h=yes
ac_cv_header_sys_types_h=yes
ac_cv_header_unistd_h=yes
ac_cv_host=x86_64-unknown-linux-gnu
ac_cv_objext=o
ac_cv_path_EGREP='/bin/grep -E'
ac_cv_path_FGREP='/bin/grep -F'
ac_cv_path_GREP=/bin/grep
ac_cv_path_SED=/bin/sed
ac_cv_path_install='/usr/bin/install -c'
ac_cv_path_mkdir=/bin/mkdir
ac_cv_prog_AWK=gawk
ac_cv_prog_CPP='gcc -E'
ac_cv_prog_ac_ct_AR=ar
ac_cv_prog_ac_ct_CC=gcc
ac_cv_prog_ac_ct_OBJDUMP=objdump
ac_cv_prog_ac_ct_RANLIB=ranlib
ac_cv_prog_ac_ct_STRIP=strip
ac_cv_prog_cc_c89=
ac_cv_prog_cc_g=yes
ac_cv_prog_cc_gcc_c_o=yes
ac_cv_prog_make_make_set=yes
am_cv_CC_dependencies_compiler_type=gcc3
lt_cv_deplibs_check_method=pass_all
lt_cv_file_magic_cmd='$MAGIC_CMD'
lt_cv_file_magic_test_file=
lt_cv_ld_reload_flag=-r
lt_cv_nm_interface='BSD nm'
lt_cv_objdir=.libs
lt_cv_path_LD=/usr/bin/ld
lt_cv_path_NM='/usr/bin/nm -B'
lt_cv_prog_compiler_c_o=yes
lt_cv_prog_compiler_pic_works=yes
lt_cv_prog_compiler_rtti_exceptions=no
lt_cv_prog_compiler_static_works=yes
lt_cv_prog_gnu_ld=yes
lt_cv_sys_global_symbol_pipe='sed -n -e '\''s/^.*[	 ]\([ABCDGIRSTW][ABCDGIRSTW]*\)[	 ][	 ]*\([_A-Za-z][_A-Za-z0-9]*\)$/\1 \2 \2/p'\'''
lt_cv_sys_global_symbol_to_c_name_address='sed -n -e '\''s/^: \([^ ]*\) $/  {\"\1\", (void *) 0},/p'\'' -e '\''s/^[ABCDGIRSTW]* \([^ ]*\) \([^ ]*\)$/  {"\2", (void *) \&\2},/p'\'''
lt_cv_sys_global_symbol_to_c_name_address_lib_prefix='sed -n -e '\''s/^: \([^ ]*\) $/  {\"\1\", (void *) 0},/p'\'' -e '\''s/^[ABCDGIRSTW]* \([^ ]*\) \(lib[^ ]*\)$/  {"\2", (void *) \&\2},/p'\'' -e '\''s/^[ABCDGIRSTW]* \([^ ]*\) \([^ ]*\)$/  {"lib\2", (void *) \&\2},/p'\'''
lt_cv_sys_global_symbol_to_cdecl='sed -n -e '\''s/^T .* \(.*\)$/extern int \1();/p'\'' -e '\''s/^[ABCDGIRSTW]* .* \(.*\)$/extern char \1;/p'\'''
lt_cv_sys_max_cmd_len=1572864

## ----------------- ##
## Output variables. ##
## ----------------- ##

ACLOCAL='${SHELL} /home/OpenBSC/scripts/SMS/archives/projet/SMPP_Library/libsmpp34-1.10/aux_config/missing --run aclocal-1.11'
AMDEPBACKSLASH='\'
AMDEP_FALSE='#'
AMDEP_TRUE=''
AMTAR='${SHELL} /home/OpenBSC/scripts/SMS/archives/projet/SMPP_Library/libsmpp34-1.10/aux_config/missing --run tar'
AR='ar'
AUTOCONF='${SHELL} /home/OpenBSC/scripts/SMS/archives/projet/SMPP_Library/libsmpp34-1.10/aux_config/missing --run autoconf'
AUTOHEADER='${SHELL} /home/OpenBSC/scripts/SMS/archives/projet/SMPP_Library/libsmpp34-1.10/aux_config/missing --run autoheader'
AUTOMAKE='${SHELL} /home/OpenBSC/scripts/SMS/archives/projet/SMPP_Library/libsmpp34-1.10/aux_config/missing --run automake-1.11'
AWK='gawk'
CC='gcc'
CCDEPMODE='depmode=gcc3'
CFLAGS='-g -O2'
CPP='gcc -E'
CPPFLAGS=''
CYGPATH_W='echo'
DEFS='-DHAVE_CONFIG_H'
DEPDIR='.deps'
DSYMUTIL=''
DUMPBIN=''
ECHO_C=''
ECHO_N='-n'
ECHO_T=''
EGREP='/bin/grep -E'
EXEEXT=''
FGREP='/bin/grep -F'
GREP='/bin/grep'
INSTALL_DATA='${INSTALL} -m 644'
INSTALL_PROGRAM='${INSTALL}'
INSTALL_SCRIPT='${INSTALL}'
INSTALL_STRIP_PROGRAM='$(install_sh) -c -s'
LD='/usr/bin/ld -m elf_x86_64'
LDFLAGS=''
LIBOBJS=''
LIBS=''
LIBTOOL='$(SHELL) $(top_builddir)/libtool'
LIPO=''
LN_S='ln -s'
LTLIBOBJS=''
MAKEINFO='${SHELL} /home/OpenBSC/scripts/SMS/archives/projet/SMPP_Library/libsmpp34-1.10/aux_config/missing --run makeinfo'
MKDIR_P='/bin/mkdir -p'
NM='/usr/bin/nm -B'
NMEDIT=''
OBJDUMP='objdump'
OBJEXT='o'
OTOOL64=''
OTOOL=''
PACKAGE='libsmpp34'
PACKAGE_BUGREPORT='ultraismo@yahoo.com'
PACKAGE_NAME='libsmpp34'
PACKAGE_STRING='libsmpp34 1.10'
PACKAGE_TARNAME='libsmpp34'
PACKAGE_URL=''
PACKAGE_VERSION='1.10'
PATH_SEPARATOR=':'
RANLIB='ranlib'
SED='/bin/sed'
SET_MAKE=''
SHELL='/bin/bash'
STRIP='strip'
VERSION='1.10'
ac_ct_CC='gcc'
ac_ct_DUMPBIN=''
am__EXEEXT_FALSE=''
am__EXEEXT_TRUE='#'
am__fastdepCC_FALSE='#'
am__fastdepCC_TRUE=''
am__include='include'
am__isrc=''
am__leading_dot='.'
am__quote=''
am__tar='${AMTAR} chof - "$$tardir"'
am__untar='${AMTAR} xf -'
bindir='${exec_prefix}/bin'
build='x86_64-unknown-linux-gnu'
build_alias=''
build_cpu='x86_64'
build_os='linux-gnu'
build_vendor='unknown'
datadir='${datarootdir}'
datarootdir='${prefix}/share'
docdir='${datarootdir}/doc/${PACKAGE_TARNAME}'
dvidir='${docdir}'
exec_prefix='${prefix}'
host='x86_64-unknown-linux-gnu'
host_alias=''
host_cpu='x86_64'
host_os='linux-gnu'
host_vendor='unknown'
htmldir='${docdir}'
includedir='${prefix}/include'
infodir='${datarootdir}/info'
install_sh='${SHELL} /home/OpenBSC/scripts/SMS/archives/projet/SMPP_Library/libsmpp34-1.10/aux_config/install-sh'
libdir='${exec_prefix}/lib'
libexecdir='${exec_prefix}/libexec'
localedir='${datarootdir}/locale'
localstatedir='${prefix}/var'
lt_ECHO='echo'
mandir='${datarootdir}/man'
mkdir_p='/bin/mkdir -p'
oldincludedir='/usr/include'
pdfdir='${docdir}'
prefix='/usr/local'
program_transform_name='s,x,x,'
psdir='${docdir}'
sbindir='${exec_prefix}/sbin'
sharedstatedir='${prefix}/com'
sysconfdir='${prefix}/etc'
target_alias=''

## ----------- ##
## confdefs.h. ##
## ----------- ##

/* confdefs.h */
#define PACKAGE_NAME "libsmpp34"
#define PACKAGE_TARNAME "libsmpp34"
#define PACKAGE_VERSION "1.10"
#define PACKAGE_STRING "libsmpp34 1.10"
#define PACKAGE_BUGREPORT "ultraismo@yahoo.com"
#define PACKAGE_URL ""
#define PACKAGE "libsmpp34"
#define VERSION "1.10"
#define STDC_HEADERS 1
#define HAVE_SYS_TYPES_H 1
#define HAVE_SYS_STAT_H 1
#define HAVE_STDLIB_H 1
#define HAVE_STRING_H 1
#define HAVE_MEMORY_H 1
#define HAVE_STRINGS_H 1
#define HAVE_INTTYPES_H 1
#define HAVE_STDINT_H 1
#define HAVE_UNISTD_H 1
#define HAVE_DLFCN_H 1
#define LT_OBJDIR ".libs/"
#define STDC_HEADERS 1
#define HAVE_MALLOC_H 1
#define HAVE_NETINET_IN_H 1
#define HAVE_STDINT_H 1
#define HAVE_STRING_H 1
#define HAVE_STDLIB_H 1
#define HAVE_MALLOC 1
#define HAVE_MEMSET 1

configure: exit 0
